

Started GET "/" for 127.0.0.1 at Fri Apr 22 16:24:38 +0800 2011
  Processing by PaperController#index as HTML
* Accept-Language: zh-TW,zh;q=0.8,en-US;q=0.6,en;q=0.4
* Accept-Language: zh-TW,zh;q=0.8,en-US;q=0.6,en;q=0.4
Completed   in 1ms

TypeError (can't convert Fixnum into String):
  app/controllers/application_controller.rb:19:in `+'
  app/controllers/application_controller.rb:19:in `set_locale'

Rendered /Users/apple/.gem/ruby/1.8/gems/actionpack-3.0.3/lib/action_dispatch/middleware/templates/rescues/_trace.erb (1.3ms)
Rendered /Users/apple/.gem/ruby/1.8/gems/actionpack-3.0.3/lib/action_dispatch/middleware/templates/rescues/_request_and_response.erb (6.8ms)
Rendered /Users/apple/.gem/ruby/1.8/gems/actionpack-3.0.3/lib/action_dispatch/middleware/templates/rescues/diagnostics.erb within rescues/layout (16.0ms)


Started GET "/" for 127.0.0.1 at Fri Apr 22 16:25:26 +0800 2011
  Processing by PaperController#index as HTML
* Accept-Language: zh-TW,zh;q=0.8,en-US;q=0.6,en;q=0.4
* Accept-Language: zh-TW,zh;q=0.8,en-US;q=0.6,en;q=0.4
84
* Locale set to 'zh_tw'
[HGTimes Debug] I want to search in News Paper
Rendered paper/index.html.erb within layouts/application (21.9ms)
Completed 200 OK in 32ms (Views: 30.5ms | ActiveRecord: 0.0ms)
